0 info it worked if it ends with ok
1 verbose cli [ '/usr/local/bin/node', '/usr/local/bin/npm', 'publish', './' ]
2 info using npm@3.10.8
3 info using node@v6.8.0
4 verbose publish [ './' ]
5 silly cache add args [ './', null ]
6 verbose cache add spec ./
7 silly cache add parsed spec Result {
7 silly cache add   raw: './',
7 silly cache add   scope: null,
7 silly cache add   escapedName: null,
7 silly cache add   name: null,
7 silly cache add   rawSpec: './',
7 silly cache add   spec: '/Users/xereda/Sites/docmob.local/xereda.bulma.message',
7 silly cache add   type: 'directory' }
8 verbose addLocalDirectory /Users/xereda/.npm/xereda-vue-bulma-message/2.0.0/package.tgz not in flight; packing
9 verbose correctMkdir /Users/xereda/.npm correctMkdir not in flight; initializing
10 info lifecycle xereda-vue-bulma-message@2.0.0~prepublish: xereda-vue-bulma-message@2.0.0
11 silly lifecycle xereda-vue-bulma-message@2.0.0~prepublish: no script for prepublish, continuing
12 verbose tar pack [ '/Users/xereda/.npm/xereda-vue-bulma-message/2.0.0/package.tgz',
12 verbose tar pack   '/Users/xereda/Sites/docmob.local/xereda.bulma.message' ]
13 verbose tarball /Users/xereda/.npm/xereda-vue-bulma-message/2.0.0/package.tgz
14 verbose folder /Users/xereda/Sites/docmob.local/xereda.bulma.message
15 verbose addLocalTarball adding from inside cache /Users/xereda/.npm/xereda-vue-bulma-message/2.0.0/package.tgz
16 verbose correctMkdir /Users/xereda/.npm correctMkdir not in flight; initializing
17 silly cache afterAdd xereda-vue-bulma-message@2.0.0
18 verbose afterAdd /Users/xereda/.npm/xereda-vue-bulma-message/2.0.0/package/package.json not in flight; writing
19 verbose correctMkdir /Users/xereda/.npm correctMkdir not in flight; initializing
20 verbose afterAdd /Users/xereda/.npm/xereda-vue-bulma-message/2.0.0/package/package.json written
21 silly publish { name: 'xereda-vue-bulma-message',
21 silly publish   version: '2.0.0',
21 silly publish   description: 'Message component for Vue Bulma',
21 silly publish   main: 'src/Message.vue',
21 silly publish   peerDependencies: { bulma: '^0.2', vue: '>=2' },
21 silly publish   repository:
21 silly publish    { type: 'git',
21 silly publish      url: 'git+https://github.com/xereda/xereda-vue-bulma-message.git' },
21 silly publish   keywords:
21 silly publish    [ 'vue',
21 silly publish      'bulma',
21 silly publish      'vue-bulma',
21 silly publish      'vue-bulma-component',
21 silly publish      'vue-bulma-message',
21 silly publish      'message' ],
21 silly publish   author:
21 silly publish    { name: 'Jackson Ricardo Schroeder',
21 silly publish      email: 'jacksonrs@gmail.com' },
21 silly publish   license: 'MIT',
21 silly publish   bugs: { url: 'https://github.com/xereda/xereda-vue-bulma-message/issues' },
21 silly publish   homepage: 'https://github.com/xereda/xereda-vue-bulma-message#readme',
21 silly publish   scripts: { test: 'echo "Error: no test specified" && exit 1' },
21 silly publish   readme: '# Message\n\nMessage component for Vue Bulma.\n\n\n## Installation\n\n```\n$ npm install xereda-vue-bulma-message --save\n```\n\n\n## Examples\n\n```vue\n<template>\n  <div>\n    <message :title="\'Normal\'" :direction="\'Down\'" :message="\'Lorem ipsum dolor sit amet, consectetur adipiscing elit lorem ipsum dolor sit amet, consectetur adipiscing elit\'" :duration="0"></message>\n    <button class="button" @click="openMessageWithType(\'\')">Normal</button>\n    <button class="button is-primary" @click="openMessageWithType(\'primary\')">Primary</button>\n    <button class="button is-info" @click="openMessageWithType(\'info\')">Info</button>\n    <button class="button is-success" @click="openMessageWithType(\'success\')">Success</button>\n    <button class="button is-warning" @click="openMessageWithType(\'warning\')">Warning</button>\n    <button class="button is-danger" @click="openMessageWithType(\'danger\')">Danger</button>\n  </div>\n</template>\n\n<script>\nimport Vue from \'vue\'\nimport Message from \'vue-bulma-message\'\n\nconst MessageComponent = Vue.extend(Message)\n\nconst openMessage = (propsData = {\n  title: \'\',\n  message: \'\',\n  type: \'\',\n  direction: \'\',\n  duration: 1500,\n  container: \'.messages\'\n}) => {\n  return new MessageComponent({\n    el: document.createElement(\'div\'),\n    propsData\n  })\n}\n\nexport default {\n  components: {\n    Message\n  },\n\n  mounted () {\n    openMessage({\n      message: \'Success lorem ipsum dolor sit amet, consectetur adipiscing elit lorem ipsum dolor sit amet, consectetur adipiscing elit\',\n      type: \'success\',\n      duration: 0,\n      showCloseButton: true\n    })\n  },\n\n  methods: {\n    openMessageWithType (type) {\n      openMessage({\n        title: \'This is a title\',\n        message: \'This is the message.\',\n        type: type\n      })\n    }\n  }\n}\n</script>\n```\n\n\n## Badges\n\n![](https://img.shields.io/badge/license-MIT-blue.svg)\n![](https://img.shields.io/badge/status-stable-green.svg)\n\n---\n',
21 silly publish   readmeFilename: 'README.md',
21 silly publish   gitHead: 'e399451cd22906f05534bddae96db7483380e1ac',
21 silly publish   _id: 'xereda-vue-bulma-message@2.0.0',
21 silly publish   _shasum: '541214abedbe848dcff0c61aa783dff7d8e0c23a',
21 silly publish   _from: '.' }
22 verbose getPublishConfig undefined
23 silly mapToRegistry name xereda-vue-bulma-message
24 silly mapToRegistry using default registry
25 silly mapToRegistry registry https://registry.npmjs.org/
26 silly mapToRegistry data Result {
26 silly mapToRegistry   raw: 'xereda-vue-bulma-message',
26 silly mapToRegistry   scope: null,
26 silly mapToRegistry   escapedName: 'xereda-vue-bulma-message',
26 silly mapToRegistry   name: 'xereda-vue-bulma-message',
26 silly mapToRegistry   rawSpec: '',
26 silly mapToRegistry   spec: 'latest',
26 silly mapToRegistry   type: 'tag' }
27 silly mapToRegistry uri https://registry.npmjs.org/xereda-vue-bulma-message
28 verbose publish registryBase https://registry.npmjs.org/
29 silly publish uploading /Users/xereda/.npm/xereda-vue-bulma-message/2.0.0/package.tgz
30 verbose request uri https://registry.npmjs.org/xereda-vue-bulma-message
31 verbose request sending authorization for write operation
32 info attempt registry request try #1 at 17:28:34
33 verbose request using bearer token for auth
34 verbose request id 3ca5608bcd36aef8
35 http request PUT https://registry.npmjs.org/xereda-vue-bulma-message
36 http 403 https://registry.npmjs.org/xereda-vue-bulma-message
37 verbose headers { 'content-type': 'application/json',
37 verbose headers   'cache-control': 'max-age=300',
37 verbose headers   'content-length': '95',
37 verbose headers   'accept-ranges': 'bytes',
37 verbose headers   date: 'Mon, 24 Oct 2016 19:28:36 GMT',
37 verbose headers   via: '1.1 varnish',
37 verbose headers   connection: 'keep-alive',
37 verbose headers   'x-served-by': 'cache-iad2134-IAD',
37 verbose headers   'x-cache': 'MISS',
37 verbose headers   'x-cache-hits': '0',
37 verbose headers   'x-timer': 'S1477337315.814702,VS0,VE490',
37 verbose headers   vary: 'Accept-Encoding' }
38 verbose request invalidating /Users/xereda/.npm/registry.npmjs.org/xereda-vue-bulma-message on PUT
39 error publish Failed PUT 403
40 verbose stack Error: "You cannot publish over the previously published version 2.0.0." : xereda-vue-bulma-message
40 verbose stack     at makeError (/usr/local/lib/node_modules/npm/node_modules/npm-registry-client/lib/request.js:302:12)
40 verbose stack     at CachingRegistryClient.<anonymous> (/usr/local/lib/node_modules/npm/node_modules/npm-registry-client/lib/request.js:290:14)
40 verbose stack     at Request._callback (/usr/local/lib/node_modules/npm/node_modules/npm-registry-client/lib/request.js:210:14)
40 verbose stack     at Request.self.callback (/usr/local/lib/node_modules/npm/node_modules/request/request.js:187:22)
40 verbose stack     at emitTwo (events.js:106:13)
40 verbose stack     at Request.emit (events.js:191:7)
40 verbose stack     at Request.<anonymous> (/usr/local/lib/node_modules/npm/node_modules/request/request.js:1044:10)
40 verbose stack     at emitOne (events.js:96:13)
40 verbose stack     at Request.emit (events.js:188:7)
40 verbose stack     at IncomingMessage.<anonymous> (/usr/local/lib/node_modules/npm/node_modules/request/request.js:965:12)
41 verbose statusCode 403
42 verbose pkgid xereda-vue-bulma-message
43 verbose cwd /Users/xereda/Sites/docmob.local/xereda.bulma.message
44 error Darwin 15.6.0
45 error argv "/usr/local/bin/node" "/usr/local/bin/npm" "publish" "./"
46 error node v6.8.0
47 error npm  v3.10.8
48 error code E403
49 error "You cannot publish over the previously published version 2.0.0." : xereda-vue-bulma-message
50 error If you need help, you may report this error at:
50 error     <https://github.com/npm/npm/issues>
51 verbose exit [ 1, true ]
